 '+%Y-%m-%d %H:%M:%S') - ------ System Health Check ------
 '+%Y-%m-%d %H:%M:%S') - CPU USAGE: 16.6%
2025-02-23 00:48:52 - ------ System Health Check ------
2025-02-23 00:48:52 - CPU USAGE: 10%
2025-02-23 00:48:52 - Memory USAGE: 28.72%
2025-02-23 00:48:52 - Disk USAGE: 17%
2025-02-23 00:48:52 - Total Running Processes: 113
2025-02-23 00:49:40 - ------ System Health Check ------
2025-02-23 00:49:41 - CPU USAGE: 18.2%
2025-02-23 00:49:41 - Memory USAGE: 27.55%
2025-02-23 00:49:41 - Disk USAGE: 17%
2025-02-23 00:49:41 - Total Running Processes: 113
2025-02-23 00:49:41 - Cron Job added to run every 10 minutes.
2025-02-23 00:52:04 - ------ System Health Check ------
2025-02-23 00:52:04 - CPU USAGE: 18.2%
2025-02-23 00:52:04 - Memory USAGE: 29.39%
2025-02-23 00:52:04 - Disk USAGE: 17%
2025-02-23 00:52:04 - Total Running Processes: 114
2025-02-23 00:52:04 - Cron Job added to run every 10 minutes.
2025-02-23 00:52:38 - ------ System Health Check ------
2025-02-23 00:52:38 - CPU USAGE: 16.7%
2025-02-23 00:52:39 - Memory USAGE: 29.38%
2025-02-23 00:52:39 - Disk USAGE: 17%
2025-02-23 00:52:39 - Total Running Processes: 114
2025-02-23 00:52:39 - Cron Job added to run every 10 minutes.
2025-02-23 01:08:20 - ------ System Health Check ------
2025-02-23 01:08:20 - CPU USAGE: 10%
2025-02-23 01:08:20 - Memory USAGE: 29.46%
2025-02-23 01:08:20 - Disk USAGE: 17%
2025-02-23 01:08:20 - Total Running Processes: 113
2025-02-23 01:08:20 - Cron Job already exists
